<?xml version="1.0" encoding="UTF-8"?>
<!-- Generated by org.testng.reporters.JUnitReportReporter -->
<testsuite skipped="0" hostname="CBT-LAB-018" name="qsp.DemoA" tests="1" failures="0" timestamp="04 Feb 2018 12:03:41 GMT" time="12.016" errors="0">
  <testcase name="TestA" time="12.016" classname="qsp.DemoA"/>
</testsuite> <!-- qsp.DemoA -->
